c:\users\0xdebugger\source\repos\cybermon\cybermon\x64\release\vc142.pdb
c:\users\0xdebugger\source\repos\cybermon\cybermon\x64\release\minifilter.obj
c:\users\0xdebugger\source\repos\cybermon\cybermon\x64\release\device.obj
c:\users\0xdebugger\source\repos\cybermon\cybermon\x64\release\driver.obj
c:\users\0xdebugger\source\repos\cybermon\x64\release\cybermon\cybermon.cat
c:\users\0xdebugger\source\repos\cybermon\x64\release\cybermon.sys
c:\users\0xdebugger\source\repos\cybermon\x64\release\cybermon.pdb
c:\users\0xdebugger\source\repos\cybermon\cybermon\x64\release\cybermon.res
c:\users\0xdebugger\source\repos\cybermon\cybermon\x64\release\cybermon.inf
c:\users\0xpandemic\source\repos\cybermon\x64\release\cybermon.cer
c:\users\0xpandemic\source\repos\cybermon\x64\release\cybermon.inf
c:\users\0xpandemic\source\repos\cybermon\cybermon\x64\release\cybermon.obj
c:\users\0xpandemic\source\repos\cybermon\cybermon\x64\release\device.obj
c:\users\0xpandemic\source\repos\cybermon\cybermon\x64\release\driver.obj
c:\users\0xpandemic\source\repos\cybermon\cybermon\x64\release\minifilter.obj
c:\users\0xpandemic\source\repos\cybermon\cybermon\x64\release\cybermon.res
c:\users\0xpandemic\source\repos\cybermon\cybermon\x64\release\vc142.pdb
c:\users\0xpandemic\source\repos\cybermon\x64\release\cybermon.pdb
c:\users\0xpandemic\source\repos\cybermon\x64\release\cybermon.sys
c:\users\0xpandemic\source\repos\cybermon\cybermon\x64\release\cybermon.tlog\cl.command.1.tlog
c:\users\0xpandemic\source\repos\cybermon\cybermon\x64\release\cybermon.tlog\cl.read.1.tlog
c:\users\0xpandemic\source\repos\cybermon\cybermon\x64\release\cybermon.tlog\cl.write.1.tlog
c:\users\0xpandemic\source\repos\cybermon\cybermon\x64\release\cybermon.tlog\inf2cat-expand.10036.read.1.tlog
c:\users\0xpandemic\source\repos\cybermon\cybermon\x64\release\cybermon.tlog\inf2cat-expand.10036.write.1.tlog
c:\users\0xpandemic\source\repos\cybermon\cybermon\x64\release\cybermon.tlog\inf2cat-expand.10088.read.1.tlog
c:\users\0xpandemic\source\repos\cybermon\cybermon\x64\release\cybermon.tlog\inf2cat-expand.10088.write.1.tlog
c:\users\0xpandemic\source\repos\cybermon\cybermon\x64\release\cybermon.tlog\inf2cat-expand.10908.read.1.tlog
c:\users\0xpandemic\source\repos\cybermon\cybermon\x64\release\cybermon.tlog\inf2cat-expand.10908.write.1.tlog
c:\users\0xpandemic\source\repos\cybermon\cybermon\x64\release\cybermon.tlog\inf2cat-expand.1100.read.1.tlog
c:\users\0xpandemic\source\repos\cybermon\cybermon\x64\release\cybermon.tlog\inf2cat-expand.1100.write.1.tlog
c:\users\0xpandemic\source\repos\cybermon\cybermon\x64\release\cybermon.tlog\inf2cat-expand.11464.read.1.tlog
c:\users\0xpandemic\source\repos\cybermon\cybermon\x64\release\cybermon.tlog\inf2cat-expand.11464.write.1.tlog
c:\users\0xpandemic\source\repos\cybermon\cybermon\x64\release\cybermon.tlog\inf2cat-expand.11748.read.1.tlog
c:\users\0xpandemic\source\repos\cybermon\cybermon\x64\release\cybermon.tlog\inf2cat-expand.11748.write.1.tlog
c:\users\0xpandemic\source\repos\cybermon\cybermon\x64\release\cybermon.tlog\inf2cat-expand.11952.read.1.tlog
c:\users\0xpandemic\source\repos\cybermon\cybermon\x64\release\cybermon.tlog\inf2cat-expand.11952.write.1.tlog
c:\users\0xpandemic\source\repos\cybermon\cybermon\x64\release\cybermon.tlog\inf2cat-expand.12132.read.1.tlog
c:\users\0xpandemic\source\repos\cybermon\cybermon\x64\release\cybermon.tlog\inf2cat-expand.12132.write.1.tlog
c:\users\0xpandemic\source\repos\cybermon\cybermon\x64\release\cybermon.tlog\inf2cat-expand.12392.read.1.tlog
c:\users\0xpandemic\source\repos\cybermon\cybermon\x64\release\cybermon.tlog\inf2cat-expand.12392.write.1.tlog
c:\users\0xpandemic\source\repos\cybermon\cybermon\x64\release\cybermon.tlog\inf2cat-expand.1256.read.1.tlog
c:\users\0xpandemic\source\repos\cybermon\cybermon\x64\release\cybermon.tlog\inf2cat-expand.1256.write.1.tlog
c:\users\0xpandemic\source\repos\cybermon\cybermon\x64\release\cybermon.tlog\inf2cat-expand.12596.read.1.tlog
c:\users\0xpandemic\source\repos\cybermon\cybermon\x64\release\cybermon.tlog\inf2cat-expand.12596.write.1.tlog
c:\users\0xpandemic\source\repos\cybermon\cybermon\x64\release\cybermon.tlog\inf2cat-expand.1260.read.1.tlog
c:\users\0xpandemic\source\repos\cybermon\cybermon\x64\release\cybermon.tlog\inf2cat-expand.1260.write.1.tlog
c:\users\0xpandemic\source\repos\cybermon\cybermon\x64\release\cybermon.tlog\inf2cat-expand.12936.read.1.tlog
c:\users\0xpandemic\source\repos\cybermon\cybermon\x64\release\cybermon.tlog\inf2cat-expand.12936.write.1.tlog
c:\users\0xpandemic\source\repos\cybermon\cybermon\x64\release\cybermon.tlog\inf2cat-expand.12988.read.1.tlog
c:\users\0xpandemic\source\repos\cybermon\cybermon\x64\release\cybermon.tlog\inf2cat-expand.12988.write.1.tlog
c:\users\0xpandemic\source\repos\cybermon\cybermon\x64\release\cybermon.tlog\inf2cat-expand.13028.read.1.tlog
c:\users\0xpandemic\source\repos\cybermon\cybermon\x64\release\cybermon.tlog\inf2cat-expand.13028.write.1.tlog
c:\users\0xpandemic\source\repos\cybermon\cybermon\x64\release\cybermon.tlog\inf2cat-expand.13068.read.1.tlog
c:\users\0xpandemic\source\repos\cybermon\cybermon\x64\release\cybermon.tlog\inf2cat-expand.13068.write.1.tlog
c:\users\0xpandemic\source\repos\cybermon\cybermon\x64\release\cybermon.tlog\inf2cat-expand.13084.read.1.tlog
c:\users\0xpandemic\source\repos\cybermon\cybermon\x64\release\cybermon.tlog\inf2cat-expand.13084.write.1.tlog
c:\users\0xpandemic\source\repos\cybermon\cybermon\x64\release\cybermon.tlog\inf2cat-expand.13092.read.1.tlog
c:\users\0xpandemic\source\repos\cybermon\cybermon\x64\release\cybermon.tlog\inf2cat-expand.13092.write.1.tlog
c:\users\0xpandemic\source\repos\cybermon\cybermon\x64\release\cybermon.tlog\inf2cat-expand.13120.read.1.tlog
c:\users\0xpandemic\source\repos\cybermon\cybermon\x64\release\cybermon.tlog\inf2cat-expand.13120.write.1.tlog
c:\users\0xpandemic\source\repos\cybermon\cybermon\x64\release\cybermon.tlog\inf2cat-expand.13224.read.1.tlog
c:\users\0xpandemic\source\repos\cybermon\cybermon\x64\release\cybermon.tlog\inf2cat-expand.13224.write.1.tlog
c:\users\0xpandemic\source\repos\cybermon\cybermon\x64\release\cybermon.tlog\inf2cat-expand.13320.read.1.tlog
c:\users\0xpandemic\source\repos\cybermon\cybermon\x64\release\cybermon.tlog\inf2cat-expand.13320.write.1.tlog
c:\users\0xpandemic\source\repos\cybermon\cybermon\x64\release\cybermon.tlog\inf2cat-expand.13364.read.1.tlog
c:\users\0xpandemic\source\repos\cybermon\cybermon\x64\release\cybermon.tlog\inf2cat-expand.13364.write.1.tlog
c:\users\0xpandemic\source\repos\cybermon\cybermon\x64\release\cybermon.tlog\inf2cat-expand.13420.read.1.tlog
c:\users\0xpandemic\source\repos\cybermon\cybermon\x64\release\cybermon.tlog\inf2cat-expand.13420.write.1.tlog
c:\users\0xpandemic\source\repos\cybermon\cybermon\x64\release\cybermon.tlog\inf2cat-expand.1348.read.1.tlog
c:\users\0xpandemic\source\repos\cybermon\cybermon\x64\release\cybermon.tlog\inf2cat-expand.1348.write.1.tlog
c:\users\0xpandemic\source\repos\cybermon\cybermon\x64\release\cybermon.tlog\inf2cat-expand.13700.read.1.tlog
c:\users\0xpandemic\source\repos\cybermon\cybermon\x64\release\cybermon.tlog\inf2cat-expand.13700.write.1.tlog
c:\users\0xpandemic\source\repos\cybermon\cybermon\x64\release\cybermon.tlog\inf2cat-expand.13788.read.1.tlog
c:\users\0xpandemic\source\repos\cybermon\cybermon\x64\release\cybermon.tlog\inf2cat-expand.13788.write.1.tlog
c:\users\0xpandemic\source\repos\cybermon\cybermon\x64\release\cybermon.tlog\inf2cat-expand.13852.read.1.tlog
c:\users\0xpandemic\source\repos\cybermon\cybermon\x64\release\cybermon.tlog\inf2cat-expand.13852.write.1.tlog
c:\users\0xpandemic\source\repos\cybermon\cybermon\x64\release\cybermon.tlog\inf2cat-expand.13932.read.1.tlog
c:\users\0xpandemic\source\repos\cybermon\cybermon\x64\release\cybermon.tlog\inf2cat-expand.13932.write.1.tlog
c:\users\0xpandemic\source\repos\cybermon\cybermon\x64\release\cybermon.tlog\inf2cat-expand.14072.read.1.tlog
c:\users\0xpandemic\source\repos\cybermon\cybermon\x64\release\cybermon.tlog\inf2cat-expand.14072.write.1.tlog
c:\users\0xpandemic\source\repos\cybermon\cybermon\x64\release\cybermon.tlog\inf2cat-expand.14112.read.1.tlog
c:\users\0xpandemic\source\repos\cybermon\cybermon\x64\release\cybermon.tlog\inf2cat-expand.14112.write.1.tlog
c:\users\0xpandemic\source\repos\cybermon\cybermon\x64\release\cybermon.tlog\inf2cat-expand.14312.read.1.tlog
c:\users\0xpandemic\source\repos\cybermon\cybermon\x64\release\cybermon.tlog\inf2cat-expand.14312.write.1.tlog
c:\users\0xpandemic\source\repos\cybermon\cybermon\x64\release\cybermon.tlog\inf2cat-expand.14352.read.1.tlog
c:\users\0xpandemic\source\repos\cybermon\cybermon\x64\release\cybermon.tlog\inf2cat-expand.14352.write.1.tlog
c:\users\0xpandemic\source\repos\cybermon\cybermon\x64\release\cybermon.tlog\inf2cat-expand.1436.read.1.tlog
c:\users\0xpandemic\source\repos\cybermon\cybermon\x64\release\cybermon.tlog\inf2cat-expand.1436.write.1.tlog
c:\users\0xpandemic\source\repos\cybermon\cybermon\x64\release\cybermon.tlog\inf2cat-expand.14456.read.1.tlog
c:\users\0xpandemic\source\repos\cybermon\cybermon\x64\release\cybermon.tlog\inf2cat-expand.14456.write.1.tlog
c:\users\0xpandemic\source\repos\cybermon\cybermon\x64\release\cybermon.tlog\inf2cat-expand.14668.read.1.tlog
c:\users\0xpandemic\source\repos\cybermon\cybermon\x64\release\cybermon.tlog\inf2cat-expand.14668.write.1.tlog
c:\users\0xpandemic\source\repos\cybermon\cybermon\x64\release\cybermon.tlog\inf2cat-expand.14736.read.1.tlog
c:\users\0xpandemic\source\repos\cybermon\cybermon\x64\release\cybermon.tlog\inf2cat-expand.14736.write.1.tlog
c:\users\0xpandemic\source\repos\cybermon\cybermon\x64\release\cybermon.tlog\inf2cat-expand.15008.read.1.tlog
c:\users\0xpandemic\source\repos\cybermon\cybermon\x64\release\cybermon.tlog\inf2cat-expand.15008.write.1.tlog
c:\users\0xpandemic\source\repos\cybermon\cybermon\x64\release\cybermon.tlog\inf2cat-expand.15032.read.1.tlog
c:\users\0xpandemic\source\repos\cybermon\cybermon\x64\release\cybermon.tlog\inf2cat-expand.15032.write.1.tlog
c:\users\0xpandemic\source\repos\cybermon\cybermon\x64\release\cybermon.tlog\inf2cat-expand.15120.read.1.tlog
c:\users\0xpandemic\source\repos\cybermon\cybermon\x64\release\cybermon.tlog\inf2cat-expand.15120.write.1.tlog
c:\users\0xpandemic\source\repos\cybermon\cybermon\x64\release\cybermon.tlog\inf2cat-expand.15316.read.1.tlog
c:\users\0xpandemic\source\repos\cybermon\cybermon\x64\release\cybermon.tlog\inf2cat-expand.15316.write.1.tlog
c:\users\0xpandemic\source\repos\cybermon\cybermon\x64\release\cybermon.tlog\inf2cat-expand.15664.read.1.tlog
c:\users\0xpandemic\source\repos\cybermon\cybermon\x64\release\cybermon.tlog\inf2cat-expand.15664.write.1.tlog
c:\users\0xpandemic\source\repos\cybermon\cybermon\x64\release\cybermon.tlog\inf2cat-expand.15784.read.1.tlog
c:\users\0xpandemic\source\repos\cybermon\cybermon\x64\release\cybermon.tlog\inf2cat-expand.15784.write.1.tlog
c:\users\0xpandemic\source\repos\cybermon\cybermon\x64\release\cybermon.tlog\inf2cat-expand.15920.read.1.tlog
c:\users\0xpandemic\source\repos\cybermon\cybermon\x64\release\cybermon.tlog\inf2cat-expand.15920.write.1.tlog
c:\users\0xpandemic\source\repos\cybermon\cybermon\x64\release\cybermon.tlog\inf2cat-expand.15984.read.1.tlog
c:\users\0xpandemic\source\repos\cybermon\cybermon\x64\release\cybermon.tlog\inf2cat-expand.15984.write.1.tlog
c:\users\0xpandemic\source\repos\cybermon\cybermon\x64\release\cybermon.tlog\inf2cat-expand.16008.read.1.tlog
c:\users\0xpandemic\source\repos\cybermon\cybermon\x64\release\cybermon.tlog\inf2cat-expand.16008.write.1.tlog
c:\users\0xpandemic\source\repos\cybermon\cybermon\x64\release\cybermon.tlog\inf2cat-expand.1604.read.1.tlog
c:\users\0xpandemic\source\repos\cybermon\cybermon\x64\release\cybermon.tlog\inf2cat-expand.1604.write.1.tlog
c:\users\0xpandemic\source\repos\cybermon\cybermon\x64\release\cybermon.tlog\inf2cat-expand.16044.read.1.tlog
c:\users\0xpandemic\source\repos\cybermon\cybermon\x64\release\cybermon.tlog\inf2cat-expand.16044.write.1.tlog
c:\users\0xpandemic\source\repos\cybermon\cybermon\x64\release\cybermon.tlog\inf2cat-expand.16216.read.1.tlog
c:\users\0xpandemic\source\repos\cybermon\cybermon\x64\release\cybermon.tlog\inf2cat-expand.16216.write.1.tlog
c:\users\0xpandemic\source\repos\cybermon\cybermon\x64\release\cybermon.tlog\inf2cat-expand.16880.read.1.tlog
c:\users\0xpandemic\source\repos\cybermon\cybermon\x64\release\cybermon.tlog\inf2cat-expand.16880.write.1.tlog
c:\users\0xpandemic\source\repos\cybermon\cybermon\x64\release\cybermon.tlog\inf2cat-expand.16884.read.1.tlog
c:\users\0xpandemic\source\repos\cybermon\cybermon\x64\release\cybermon.tlog\inf2cat-expand.16884.write.1.tlog
c:\users\0xpandemic\source\repos\cybermon\cybermon\x64\release\cybermon.tlog\inf2cat-expand.1696.read.1.tlog
c:\users\0xpandemic\source\repos\cybermon\cybermon\x64\release\cybermon.tlog\inf2cat-expand.1696.write.1.tlog
c:\users\0xpandemic\source\repos\cybermon\cybermon\x64\release\cybermon.tlog\inf2cat-expand.1704.read.1.tlog
c:\users\0xpandemic\source\repos\cybermon\cybermon\x64\release\cybermon.tlog\inf2cat-expand.1704.write.1.tlog
c:\users\0xpandemic\source\repos\cybermon\cybermon\x64\release\cybermon.tlog\inf2cat-expand.17080.read.1.tlog
c:\users\0xpandemic\source\repos\cybermon\cybermon\x64\release\cybermon.tlog\inf2cat-expand.17080.write.1.tlog
c:\users\0xpandemic\source\repos\cybermon\cybermon\x64\release\cybermon.tlog\inf2cat-expand.17324.read.1.tlog
c:\users\0xpandemic\source\repos\cybermon\cybermon\x64\release\cybermon.tlog\inf2cat-expand.17324.write.1.tlog
c:\users\0xpandemic\source\repos\cybermon\cybermon\x64\release\cybermon.tlog\inf2cat-expand.17328.read.1.tlog
c:\users\0xpandemic\source\repos\cybermon\cybermon\x64\release\cybermon.tlog\inf2cat-expand.17328.write.1.tlog
c:\users\0xpandemic\source\repos\cybermon\cybermon\x64\release\cybermon.tlog\inf2cat-expand.17432.read.1.tlog
c:\users\0xpandemic\source\repos\cybermon\cybermon\x64\release\cybermon.tlog\inf2cat-expand.17432.write.1.tlog
c:\users\0xpandemic\source\repos\cybermon\cybermon\x64\release\cybermon.tlog\inf2cat-expand.17488.read.1.tlog
c:\users\0xpandemic\source\repos\cybermon\cybermon\x64\release\cybermon.tlog\inf2cat-expand.17488.write.1.tlog
c:\users\0xpandemic\source\repos\cybermon\cybermon\x64\release\cybermon.tlog\inf2cat-expand.17504.read.1.tlog
c:\users\0xpandemic\source\repos\cybermon\cybermon\x64\release\cybermon.tlog\inf2cat-expand.17504.write.1.tlog
c:\users\0xpandemic\source\repos\cybermon\cybermon\x64\release\cybermon.tlog\inf2cat-expand.17704.read.1.tlog
c:\users\0xpandemic\source\repos\cybermon\cybermon\x64\release\cybermon.tlog\inf2cat-expand.17704.write.1.tlog
c:\users\0xpandemic\source\repos\cybermon\cybermon\x64\release\cybermon.tlog\inf2cat-expand.17832.read.1.tlog
c:\users\0xpandemic\source\repos\cybermon\cybermon\x64\release\cybermon.tlog\inf2cat-expand.17832.write.1.tlog
c:\users\0xpandemic\source\repos\cybermon\cybermon\x64\release\cybermon.tlog\inf2cat-expand.1792.read.1.tlog
c:\users\0xpandemic\source\repos\cybermon\cybermon\x64\release\cybermon.tlog\inf2cat-expand.1792.write.1.tlog
c:\users\0xpandemic\source\repos\cybermon\cybermon\x64\release\cybermon.tlog\inf2cat-expand.17992.read.1.tlog
c:\users\0xpandemic\source\repos\cybermon\cybermon\x64\release\cybermon.tlog\inf2cat-expand.17992.write.1.tlog
c:\users\0xpandemic\source\repos\cybermon\cybermon\x64\release\cybermon.tlog\inf2cat-expand.1836.read.1.tlog
c:\users\0xpandemic\source\repos\cybermon\cybermon\x64\release\cybermon.tlog\inf2cat-expand.1836.write.1.tlog
c:\users\0xpandemic\source\repos\cybermon\cybermon\x64\release\cybermon.tlog\inf2cat-expand.18464.read.1.tlog
c:\users\0xpandemic\source\repos\cybermon\cybermon\x64\release\cybermon.tlog\inf2cat-expand.18464.write.1.tlog
c:\users\0xpandemic\source\repos\cybermon\cybermon\x64\release\cybermon.tlog\inf2cat-expand.18556.read.1.tlog
c:\users\0xpandemic\source\repos\cybermon\cybermon\x64\release\cybermon.tlog\inf2cat-expand.18556.write.1.tlog
c:\users\0xpandemic\source\repos\cybermon\cybermon\x64\release\cybermon.tlog\inf2cat-expand.18684.read.1.tlog
c:\users\0xpandemic\source\repos\cybermon\cybermon\x64\release\cybermon.tlog\inf2cat-expand.18684.write.1.tlog
c:\users\0xpandemic\source\repos\cybermon\cybermon\x64\release\cybermon.tlog\inf2cat-expand.18700.read.1.tlog
c:\users\0xpandemic\source\repos\cybermon\cybermon\x64\release\cybermon.tlog\inf2cat-expand.18700.write.1.tlog
c:\users\0xpandemic\source\repos\cybermon\cybermon\x64\release\cybermon.tlog\inf2cat-expand.18900.read.1.tlog
c:\users\0xpandemic\source\repos\cybermon\cybermon\x64\release\cybermon.tlog\inf2cat-expand.18900.write.1.tlog
c:\users\0xpandemic\source\repos\cybermon\cybermon\x64\release\cybermon.tlog\inf2cat-expand.19028.read.1.tlog
c:\users\0xpandemic\source\repos\cybermon\cybermon\x64\release\cybermon.tlog\inf2cat-expand.19028.write.1.tlog
c:\users\0xpandemic\source\repos\cybermon\cybermon\x64\release\cybermon.tlog\inf2cat-expand.19068.read.1.tlog
c:\users\0xpandemic\source\repos\cybermon\cybermon\x64\release\cybermon.tlog\inf2cat-expand.19068.write.1.tlog
c:\users\0xpandemic\source\repos\cybermon\cybermon\x64\release\cybermon.tlog\inf2cat-expand.19104.read.1.tlog
c:\users\0xpandemic\source\repos\cybermon\cybermon\x64\release\cybermon.tlog\inf2cat-expand.19104.write.1.tlog
c:\users\0xpandemic\source\repos\cybermon\cybermon\x64\release\cybermon.tlog\inf2cat-expand.19176.read.1.tlog
c:\users\0xpandemic\source\repos\cybermon\cybermon\x64\release\cybermon.tlog\inf2cat-expand.19176.write.1.tlog
c:\users\0xpandemic\source\repos\cybermon\cybermon\x64\release\cybermon.tlog\inf2cat-expand.19276.read.1.tlog
c:\users\0xpandemic\source\repos\cybermon\cybermon\x64\release\cybermon.tlog\inf2cat-expand.19276.write.1.tlog
c:\users\0xpandemic\source\repos\cybermon\cybermon\x64\release\cybermon.tlog\inf2cat-expand.19340.read.1.tlog
c:\users\0xpandemic\source\repos\cybermon\cybermon\x64\release\cybermon.tlog\inf2cat-expand.19340.write.1.tlog
c:\users\0xpandemic\source\repos\cybermon\cybermon\x64\release\cybermon.tlog\inf2cat-expand.1960.read.1.tlog
c:\users\0xpandemic\source\repos\cybermon\cybermon\x64\release\cybermon.tlog\inf2cat-expand.1960.write.1.tlog
c:\users\0xpandemic\source\repos\cybermon\cybermon\x64\release\cybermon.tlog\inf2cat-expand.19676.read.1.tlog
c:\users\0xpandemic\source\repos\cybermon\cybermon\x64\release\cybermon.tlog\inf2cat-expand.19676.write.1.tlog
c:\users\0xpandemic\source\repos\cybermon\cybermon\x64\release\cybermon.tlog\inf2cat-expand.19764.read.1.tlog
c:\users\0xpandemic\source\repos\cybermon\cybermon\x64\release\cybermon.tlog\inf2cat-expand.19764.write.1.tlog
c:\users\0xpandemic\source\repos\cybermon\cybermon\x64\release\cybermon.tlog\inf2cat-expand.19796.read.1.tlog
c:\users\0xpandemic\source\repos\cybermon\cybermon\x64\release\cybermon.tlog\inf2cat-expand.19796.write.1.tlog
c:\users\0xpandemic\source\repos\cybermon\cybermon\x64\release\cybermon.tlog\inf2cat-expand.19844.read.1.tlog
c:\users\0xpandemic\source\repos\cybermon\cybermon\x64\release\cybermon.tlog\inf2cat-expand.19844.write.1.tlog
c:\users\0xpandemic\source\repos\cybermon\cybermon\x64\release\cybermon.tlog\inf2cat-expand.20044.read.1.tlog
c:\users\0xpandemic\source\repos\cybermon\cybermon\x64\release\cybermon.tlog\inf2cat-expand.20044.write.1.tlog
c:\users\0xpandemic\source\repos\cybermon\cybermon\x64\release\cybermon.tlog\inf2cat-expand.20204.read.1.tlog
c:\users\0xpandemic\source\repos\cybermon\cybermon\x64\release\cybermon.tlog\inf2cat-expand.20204.write.1.tlog
c:\users\0xpandemic\source\repos\cybermon\cybermon\x64\release\cybermon.tlog\inf2cat-expand.20272.read.1.tlog
c:\users\0xpandemic\source\repos\cybermon\cybermon\x64\release\cybermon.tlog\inf2cat-expand.20272.write.1.tlog
c:\users\0xpandemic\source\repos\cybermon\cybermon\x64\release\cybermon.tlog\inf2cat-expand.20312.read.1.tlog
c:\users\0xpandemic\source\repos\cybermon\cybermon\x64\release\cybermon.tlog\inf2cat-expand.20312.write.1.tlog
c:\users\0xpandemic\source\repos\cybermon\cybermon\x64\release\cybermon.tlog\inf2cat-expand.20316.read.1.tlog
c:\users\0xpandemic\source\repos\cybermon\cybermon\x64\release\cybermon.tlog\inf2cat-expand.20316.write.1.tlog
c:\users\0xpandemic\source\repos\cybermon\cybermon\x64\release\cybermon.tlog\inf2cat-expand.20392.read.1.tlog
c:\users\0xpandemic\source\repos\cybermon\cybermon\x64\release\cybermon.tlog\inf2cat-expand.20392.write.1.tlog
c:\users\0xpandemic\source\repos\cybermon\cybermon\x64\release\cybermon.tlog\inf2cat-expand.20424.read.1.tlog
c:\users\0xpandemic\source\repos\cybermon\cybermon\x64\release\cybermon.tlog\inf2cat-expand.20424.write.1.tlog
c:\users\0xpandemic\source\repos\cybermon\cybermon\x64\release\cybermon.tlog\inf2cat-expand.20460.read.1.tlog
c:\users\0xpandemic\source\repos\cybermon\cybermon\x64\release\cybermon.tlog\inf2cat-expand.20460.write.1.tlog
c:\users\0xpandemic\source\repos\cybermon\cybermon\x64\release\cybermon.tlog\inf2cat-expand.20508.read.1.tlog
c:\users\0xpandemic\source\repos\cybermon\cybermon\x64\release\cybermon.tlog\inf2cat-expand.20508.write.1.tlog
c:\users\0xpandemic\source\repos\cybermon\cybermon\x64\release\cybermon.tlog\inf2cat-expand.20532.read.1.tlog
c:\users\0xpandemic\source\repos\cybermon\cybermon\x64\release\cybermon.tlog\inf2cat-expand.20532.write.1.tlog
c:\users\0xpandemic\source\repos\cybermon\cybermon\x64\release\cybermon.tlog\inf2cat-expand.2056.read.1.tlog
c:\users\0xpandemic\source\repos\cybermon\cybermon\x64\release\cybermon.tlog\inf2cat-expand.2056.write.1.tlog
c:\users\0xpandemic\source\repos\cybermon\cybermon\x64\release\cybermon.tlog\inf2cat-expand.20780.read.1.tlog
c:\users\0xpandemic\source\repos\cybermon\cybermon\x64\release\cybermon.tlog\inf2cat-expand.20780.write.1.tlog
c:\users\0xpandemic\source\repos\cybermon\cybermon\x64\release\cybermon.tlog\inf2cat-expand.20804.read.1.tlog
c:\users\0xpandemic\source\repos\cybermon\cybermon\x64\release\cybermon.tlog\inf2cat-expand.20804.write.1.tlog
c:\users\0xpandemic\source\repos\cybermon\cybermon\x64\release\cybermon.tlog\inf2cat-expand.20840.read.1.tlog
c:\users\0xpandemic\source\repos\cybermon\cybermon\x64\release\cybermon.tlog\inf2cat-expand.20840.write.1.tlog
c:\users\0xpandemic\source\repos\cybermon\cybermon\x64\release\cybermon.tlog\inf2cat-expand.21236.read.1.tlog
c:\users\0xpandemic\source\repos\cybermon\cybermon\x64\release\cybermon.tlog\inf2cat-expand.21236.write.1.tlog
c:\users\0xpandemic\source\repos\cybermon\cybermon\x64\release\cybermon.tlog\inf2cat-expand.21300.read.1.tlog
c:\users\0xpandemic\source\repos\cybermon\cybermon\x64\release\cybermon.tlog\inf2cat-expand.21300.write.1.tlog
c:\users\0xpandemic\source\repos\cybermon\cybermon\x64\release\cybermon.tlog\inf2cat-expand.21456.read.1.tlog
c:\users\0xpandemic\source\repos\cybermon\cybermon\x64\release\cybermon.tlog\inf2cat-expand.21456.write.1.tlog
c:\users\0xpandemic\source\repos\cybermon\cybermon\x64\release\cybermon.tlog\inf2cat-expand.21544.read.1.tlog
c:\users\0xpandemic\source\repos\cybermon\cybermon\x64\release\cybermon.tlog\inf2cat-expand.21544.write.1.tlog
c:\users\0xpandemic\source\repos\cybermon\cybermon\x64\release\cybermon.tlog\inf2cat-expand.21564.read.1.tlog
c:\users\0xpandemic\source\repos\cybermon\cybermon\x64\release\cybermon.tlog\inf2cat-expand.21564.write.1.tlog
c:\users\0xpandemic\source\repos\cybermon\cybermon\x64\release\cybermon.tlog\inf2cat-expand.21592.read.1.tlog
c:\users\0xpandemic\source\repos\cybermon\cybermon\x64\release\cybermon.tlog\inf2cat-expand.21592.write.1.tlog
c:\users\0xpandemic\source\repos\cybermon\cybermon\x64\release\cybermon.tlog\inf2cat-expand.21648.read.1.tlog
c:\users\0xpandemic\source\repos\cybermon\cybermon\x64\release\cybermon.tlog\inf2cat-expand.21648.write.1.tlog
c:\users\0xpandemic\source\repos\cybermon\cybermon\x64\release\cybermon.tlog\inf2cat-expand.21852.read.1.tlog
c:\users\0xpandemic\source\repos\cybermon\cybermon\x64\release\cybermon.tlog\inf2cat-expand.21852.write.1.tlog
c:\users\0xpandemic\source\repos\cybermon\cybermon\x64\release\cybermon.tlog\inf2cat-expand.21888.read.1.tlog
c:\users\0xpandemic\source\repos\cybermon\cybermon\x64\release\cybermon.tlog\inf2cat-expand.21888.write.1.tlog
c:\users\0xpandemic\source\repos\cybermon\cybermon\x64\release\cybermon.tlog\inf2cat-expand.22060.read.1.tlog
c:\users\0xpandemic\source\repos\cybermon\cybermon\x64\release\cybermon.tlog\inf2cat-expand.22060.write.1.tlog
c:\users\0xpandemic\source\repos\cybermon\cybermon\x64\release\cybermon.tlog\inf2cat-expand.2228.read.1.tlog
c:\users\0xpandemic\source\repos\cybermon\cybermon\x64\release\cybermon.tlog\inf2cat-expand.2228.write.1.tlog
c:\users\0xpandemic\source\repos\cybermon\cybermon\x64\release\cybermon.tlog\inf2cat-expand.22488.read.1.tlog
c:\users\0xpandemic\source\repos\cybermon\cybermon\x64\release\cybermon.tlog\inf2cat-expand.22488.write.1.tlog
c:\users\0xpandemic\source\repos\cybermon\cybermon\x64\release\cybermon.tlog\inf2cat-expand.22640.read.1.tlog
c:\users\0xpandemic\source\repos\cybermon\cybermon\x64\release\cybermon.tlog\inf2cat-expand.22640.write.1.tlog
c:\users\0xpandemic\source\repos\cybermon\cybermon\x64\release\cybermon.tlog\inf2cat-expand.22668.read.1.tlog
c:\users\0xpandemic\source\repos\cybermon\cybermon\x64\release\cybermon.tlog\inf2cat-expand.22668.write.1.tlog
c:\users\0xpandemic\source\repos\cybermon\cybermon\x64\release\cybermon.tlog\inf2cat-expand.22672.read.1.tlog
c:\users\0xpandemic\source\repos\cybermon\cybermon\x64\release\cybermon.tlog\inf2cat-expand.22672.write.1.tlog
c:\users\0xpandemic\source\repos\cybermon\cybermon\x64\release\cybermon.tlog\inf2cat-expand.22704.read.1.tlog
c:\users\0xpandemic\source\repos\cybermon\cybermon\x64\release\cybermon.tlog\inf2cat-expand.22704.write.1.tlog
c:\users\0xpandemic\source\repos\cybermon\cybermon\x64\release\cybermon.tlog\inf2cat-expand.2304.read.1.tlog
c:\users\0xpandemic\source\repos\cybermon\cybermon\x64\release\cybermon.tlog\inf2cat-expand.2304.write.1.tlog
c:\users\0xpandemic\source\repos\cybermon\cybermon\x64\release\cybermon.tlog\inf2cat-expand.23052.read.1.tlog
c:\users\0xpandemic\source\repos\cybermon\cybermon\x64\release\cybermon.tlog\inf2cat-expand.23052.write.1.tlog
c:\users\0xpandemic\source\repos\cybermon\cybermon\x64\release\cybermon.tlog\inf2cat-expand.23084.read.1.tlog
c:\users\0xpandemic\source\repos\cybermon\cybermon\x64\release\cybermon.tlog\inf2cat-expand.23084.write.1.tlog
c:\users\0xpandemic\source\repos\cybermon\cybermon\x64\release\cybermon.tlog\inf2cat-expand.23092.read.1.tlog
c:\users\0xpandemic\source\repos\cybermon\cybermon\x64\release\cybermon.tlog\inf2cat-expand.23092.write.1.tlog
c:\users\0xpandemic\source\repos\cybermon\cybermon\x64\release\cybermon.tlog\inf2cat-expand.23140.read.1.tlog
c:\users\0xpandemic\source\repos\cybermon\cybermon\x64\release\cybermon.tlog\inf2cat-expand.23140.write.1.tlog
c:\users\0xpandemic\source\repos\cybermon\cybermon\x64\release\cybermon.tlog\inf2cat-expand.23156.read.1.tlog
c:\users\0xpandemic\source\repos\cybermon\cybermon\x64\release\cybermon.tlog\inf2cat-expand.23156.write.1.tlog
c:\users\0xpandemic\source\repos\cybermon\cybermon\x64\release\cybermon.tlog\inf2cat-expand.23356.read.1.tlog
c:\users\0xpandemic\source\repos\cybermon\cybermon\x64\release\cybermon.tlog\inf2cat-expand.23356.write.1.tlog
c:\users\0xpandemic\source\repos\cybermon\cybermon\x64\release\cybermon.tlog\inf2cat-expand.23456.read.1.tlog
c:\users\0xpandemic\source\repos\cybermon\cybermon\x64\release\cybermon.tlog\inf2cat-expand.23456.write.1.tlog
c:\users\0xpandemic\source\repos\cybermon\cybermon\x64\release\cybermon.tlog\inf2cat-expand.23460.read.1.tlog
c:\users\0xpandemic\source\repos\cybermon\cybermon\x64\release\cybermon.tlog\inf2cat-expand.23460.write.1.tlog
c:\users\0xpandemic\source\repos\cybermon\cybermon\x64\release\cybermon.tlog\inf2cat-expand.23512.read.1.tlog
c:\users\0xpandemic\source\repos\cybermon\cybermon\x64\release\cybermon.tlog\inf2cat-expand.23512.write.1.tlog
c:\users\0xpandemic\source\repos\cybermon\cybermon\x64\release\cybermon.tlog\inf2cat-expand.23784.read.1.tlog
c:\users\0xpandemic\source\repos\cybermon\cybermon\x64\release\cybermon.tlog\inf2cat-expand.23784.write.1.tlog
c:\users\0xpandemic\source\repos\cybermon\cybermon\x64\release\cybermon.tlog\inf2cat-expand.23840.read.1.tlog
c:\users\0xpandemic\source\repos\cybermon\cybermon\x64\release\cybermon.tlog\inf2cat-expand.23840.write.1.tlog
c:\users\0xpandemic\source\repos\cybermon\cybermon\x64\release\cybermon.tlog\inf2cat-expand.23996.read.1.tlog
c:\users\0xpandemic\source\repos\cybermon\cybermon\x64\release\cybermon.tlog\inf2cat-expand.23996.write.1.tlog
c:\users\0xpandemic\source\repos\cybermon\cybermon\x64\release\cybermon.tlog\inf2cat-expand.24004.read.1.tlog
c:\users\0xpandemic\source\repos\cybermon\cybermon\x64\release\cybermon.tlog\inf2cat-expand.24004.write.1.tlog
c:\users\0xpandemic\source\repos\cybermon\cybermon\x64\release\cybermon.tlog\inf2cat-expand.24020.read.1.tlog
c:\users\0xpandemic\source\repos\cybermon\cybermon\x64\release\cybermon.tlog\inf2cat-expand.24020.write.1.tlog
c:\users\0xpandemic\source\repos\cybermon\cybermon\x64\release\cybermon.tlog\inf2cat-expand.24088.read.1.tlog
c:\users\0xpandemic\source\repos\cybermon\cybermon\x64\release\cybermon.tlog\inf2cat-expand.24088.write.1.tlog
c:\users\0xpandemic\source\repos\cybermon\cybermon\x64\release\cybermon.tlog\inf2cat-expand.24140.read.1.tlog
c:\users\0xpandemic\source\repos\cybermon\cybermon\x64\release\cybermon.tlog\inf2cat-expand.24140.write.1.tlog
c:\users\0xpandemic\source\repos\cybermon\cybermon\x64\release\cybermon.tlog\inf2cat-expand.24160.read.1.tlog
c:\users\0xpandemic\source\repos\cybermon\cybermon\x64\release\cybermon.tlog\inf2cat-expand.24160.write.1.tlog
c:\users\0xpandemic\source\repos\cybermon\cybermon\x64\release\cybermon.tlog\inf2cat-expand.24168.read.1.tlog
c:\users\0xpandemic\source\repos\cybermon\cybermon\x64\release\cybermon.tlog\inf2cat-expand.24168.write.1.tlog
c:\users\0xpandemic\source\repos\cybermon\cybermon\x64\release\cybermon.tlog\inf2cat-expand.24264.read.1.tlog
c:\users\0xpandemic\source\repos\cybermon\cybermon\x64\release\cybermon.tlog\inf2cat-expand.24264.write.1.tlog
c:\users\0xpandemic\source\repos\cybermon\cybermon\x64\release\cybermon.tlog\inf2cat-expand.24308.read.1.tlog
c:\users\0xpandemic\source\repos\cybermon\cybermon\x64\release\cybermon.tlog\inf2cat-expand.24308.write.1.tlog
c:\users\0xpandemic\source\repos\cybermon\cybermon\x64\release\cybermon.tlog\inf2cat-expand.24404.read.1.tlog
c:\users\0xpandemic\source\repos\cybermon\cybermon\x64\release\cybermon.tlog\inf2cat-expand.24404.write.1.tlog
c:\users\0xpandemic\source\repos\cybermon\cybermon\x64\release\cybermon.tlog\inf2cat-expand.2460.read.1.tlog
c:\users\0xpandemic\source\repos\cybermon\cybermon\x64\release\cybermon.tlog\inf2cat-expand.2460.write.1.tlog
c:\users\0xpandemic\source\repos\cybermon\cybermon\x64\release\cybermon.tlog\inf2cat-expand.24636.read.1.tlog
c:\users\0xpandemic\source\repos\cybermon\cybermon\x64\release\cybermon.tlog\inf2cat-expand.24636.write.1.tlog
c:\users\0xpandemic\source\repos\cybermon\cybermon\x64\release\cybermon.tlog\inf2cat-expand.2480.read.1.tlog
c:\users\0xpandemic\source\repos\cybermon\cybermon\x64\release\cybermon.tlog\inf2cat-expand.2480.write.1.tlog
c:\users\0xpandemic\source\repos\cybermon\cybermon\x64\release\cybermon.tlog\inf2cat-expand.24828.read.1.tlog
c:\users\0xpandemic\source\repos\cybermon\cybermon\x64\release\cybermon.tlog\inf2cat-expand.24828.write.1.tlog
c:\users\0xpandemic\source\repos\cybermon\cybermon\x64\release\cybermon.tlog\inf2cat-expand.24872.read.1.tlog
c:\users\0xpandemic\source\repos\cybermon\cybermon\x64\release\cybermon.tlog\inf2cat-expand.24872.write.1.tlog
c:\users\0xpandemic\source\repos\cybermon\cybermon\x64\release\cybermon.tlog\inf2cat-expand.24940.read.1.tlog
c:\users\0xpandemic\source\repos\cybermon\cybermon\x64\release\cybermon.tlog\inf2cat-expand.24940.write.1.tlog
c:\users\0xpandemic\source\repos\cybermon\cybermon\x64\release\cybermon.tlog\inf2cat-expand.25004.read.1.tlog
c:\users\0xpandemic\source\repos\cybermon\cybermon\x64\release\cybermon.tlog\inf2cat-expand.25004.write.1.tlog
c:\users\0xpandemic\source\repos\cybermon\cybermon\x64\release\cybermon.tlog\inf2cat-expand.25088.read.1.tlog
c:\users\0xpandemic\source\repos\cybermon\cybermon\x64\release\cybermon.tlog\inf2cat-expand.25088.write.1.tlog
c:\users\0xpandemic\source\repos\cybermon\cybermon\x64\release\cybermon.tlog\inf2cat-expand.25228.read.1.tlog
c:\users\0xpandemic\source\repos\cybermon\cybermon\x64\release\cybermon.tlog\inf2cat-expand.25228.write.1.tlog
c:\users\0xpandemic\source\repos\cybermon\cybermon\x64\release\cybermon.tlog\inf2cat-expand.25252.read.1.tlog
c:\users\0xpandemic\source\repos\cybermon\cybermon\x64\release\cybermon.tlog\inf2cat-expand.25252.write.1.tlog
c:\users\0xpandemic\source\repos\cybermon\cybermon\x64\release\cybermon.tlog\inf2cat-expand.2528.read.1.tlog
c:\users\0xpandemic\source\repos\cybermon\cybermon\x64\release\cybermon.tlog\inf2cat-expand.2528.write.1.tlog
c:\users\0xpandemic\source\repos\cybermon\cybermon\x64\release\cybermon.tlog\inf2cat-expand.25536.read.1.tlog
c:\users\0xpandemic\source\repos\cybermon\cybermon\x64\release\cybermon.tlog\inf2cat-expand.25536.write.1.tlog
c:\users\0xpandemic\source\repos\cybermon\cybermon\x64\release\cybermon.tlog\inf2cat-expand.25544.read.1.tlog
c:\users\0xpandemic\source\repos\cybermon\cybermon\x64\release\cybermon.tlog\inf2cat-expand.25544.write.1.tlog
c:\users\0xpandemic\source\repos\cybermon\cybermon\x64\release\cybermon.tlog\inf2cat-expand.25672.read.1.tlog
c:\users\0xpandemic\source\repos\cybermon\cybermon\x64\release\cybermon.tlog\inf2cat-expand.25672.write.1.tlog
c:\users\0xpandemic\source\repos\cybermon\cybermon\x64\release\cybermon.tlog\inf2cat-expand.2584.read.1.tlog
c:\users\0xpandemic\source\repos\cybermon\cybermon\x64\release\cybermon.tlog\inf2cat-expand.2584.write.1.tlog
c:\users\0xpandemic\source\repos\cybermon\cybermon\x64\release\cybermon.tlog\inf2cat-expand.26008.read.1.tlog
c:\users\0xpandemic\source\repos\cybermon\cybermon\x64\release\cybermon.tlog\inf2cat-expand.26008.write.1.tlog
c:\users\0xpandemic\source\repos\cybermon\cybermon\x64\release\cybermon.tlog\inf2cat-expand.26112.read.1.tlog
c:\users\0xpandemic\source\repos\cybermon\cybermon\x64\release\cybermon.tlog\inf2cat-expand.26112.write.1.tlog
c:\users\0xpandemic\source\repos\cybermon\cybermon\x64\release\cybermon.tlog\inf2cat-expand.2612.read.1.tlog
c:\users\0xpandemic\source\repos\cybermon\cybermon\x64\release\cybermon.tlog\inf2cat-expand.2612.write.1.tlog
c:\users\0xpandemic\source\repos\cybermon\cybermon\x64\release\cybermon.tlog\inf2cat-expand.26148.read.1.tlog
c:\users\0xpandemic\source\repos\cybermon\cybermon\x64\release\cybermon.tlog\inf2cat-expand.26148.write.1.tlog
c:\users\0xpandemic\source\repos\cybermon\cybermon\x64\release\cybermon.tlog\inf2cat-expand.26460.read.1.tlog
c:\users\0xpandemic\source\repos\cybermon\cybermon\x64\release\cybermon.tlog\inf2cat-expand.26460.write.1.tlog
c:\users\0xpandemic\source\repos\cybermon\cybermon\x64\release\cybermon.tlog\inf2cat-expand.26464.read.1.tlog
c:\users\0xpandemic\source\repos\cybermon\cybermon\x64\release\cybermon.tlog\inf2cat-expand.26464.write.1.tlog
c:\users\0xpandemic\source\repos\cybermon\cybermon\x64\release\cybermon.tlog\inf2cat-expand.2648.read.1.tlog
c:\users\0xpandemic\source\repos\cybermon\cybermon\x64\release\cybermon.tlog\inf2cat-expand.2648.write.1.tlog
c:\users\0xpandemic\source\repos\cybermon\cybermon\x64\release\cybermon.tlog\inf2cat-expand.26632.read.1.tlog
c:\users\0xpandemic\source\repos\cybermon\cybermon\x64\release\cybermon.tlog\inf2cat-expand.26632.write.1.tlog
c:\users\0xpandemic\source\repos\cybermon\cybermon\x64\release\cybermon.tlog\inf2cat-expand.26704.read.1.tlog
c:\users\0xpandemic\source\repos\cybermon\cybermon\x64\release\cybermon.tlog\inf2cat-expand.26704.write.1.tlog
c:\users\0xpandemic\source\repos\cybermon\cybermon\x64\release\cybermon.tlog\inf2cat-expand.2676.read.1.tlog
c:\users\0xpandemic\source\repos\cybermon\cybermon\x64\release\cybermon.tlog\inf2cat-expand.2676.write.1.tlog
c:\users\0xpandemic\source\repos\cybermon\cybermon\x64\release\cybermon.tlog\inf2cat-expand.26796.read.1.tlog
c:\users\0xpandemic\source\repos\cybermon\cybermon\x64\release\cybermon.tlog\inf2cat-expand.26796.write.1.tlog
c:\users\0xpandemic\source\repos\cybermon\cybermon\x64\release\cybermon.tlog\inf2cat-expand.26808.read.1.tlog
c:\users\0xpandemic\source\repos\cybermon\cybermon\x64\release\cybermon.tlog\inf2cat-expand.26808.write.1.tlog
c:\users\0xpandemic\source\repos\cybermon\cybermon\x64\release\cybermon.tlog\inf2cat-expand.26948.read.1.tlog
c:\users\0xpandemic\source\repos\cybermon\cybermon\x64\release\cybermon.tlog\inf2cat-expand.26948.write.1.tlog
c:\users\0xpandemic\source\repos\cybermon\cybermon\x64\release\cybermon.tlog\inf2cat-expand.2696.read.1.tlog
c:\users\0xpandemic\source\repos\cybermon\cybermon\x64\release\cybermon.tlog\inf2cat-expand.2696.write.1.tlog
c:\users\0xpandemic\source\repos\cybermon\cybermon\x64\release\cybermon.tlog\inf2cat-expand.26988.read.1.tlog
c:\users\0xpandemic\source\repos\cybermon\cybermon\x64\release\cybermon.tlog\inf2cat-expand.26988.write.1.tlog
c:\users\0xpandemic\source\repos\cybermon\cybermon\x64\release\cybermon.tlog\inf2cat-expand.27052.read.1.tlog
c:\users\0xpandemic\source\repos\cybermon\cybermon\x64\release\cybermon.tlog\inf2cat-expand.27052.write.1.tlog
c:\users\0xpandemic\source\repos\cybermon\cybermon\x64\release\cybermon.tlog\inf2cat-expand.27080.read.1.tlog
c:\users\0xpandemic\source\repos\cybermon\cybermon\x64\release\cybermon.tlog\inf2cat-expand.27080.write.1.tlog
c:\users\0xpandemic\source\repos\cybermon\cybermon\x64\release\cybermon.tlog\inf2cat-expand.27132.read.1.tlog
c:\users\0xpandemic\source\repos\cybermon\cybermon\x64\release\cybermon.tlog\inf2cat-expand.27132.write.1.tlog
c:\users\0xpandemic\source\repos\cybermon\cybermon\x64\release\cybermon.tlog\inf2cat-expand.27312.read.1.tlog
c:\users\0xpandemic\source\repos\cybermon\cybermon\x64\release\cybermon.tlog\inf2cat-expand.27312.write.1.tlog
c:\users\0xpandemic\source\repos\cybermon\cybermon\x64\release\cybermon.tlog\inf2cat-expand.27336.read.1.tlog
c:\users\0xpandemic\source\repos\cybermon\cybermon\x64\release\cybermon.tlog\inf2cat-expand.27336.write.1.tlog
c:\users\0xpandemic\source\repos\cybermon\cybermon\x64\release\cybermon.tlog\inf2cat-expand.27408.read.1.tlog
c:\users\0xpandemic\source\repos\cybermon\cybermon\x64\release\cybermon.tlog\inf2cat-expand.27408.write.1.tlog
c:\users\0xpandemic\source\repos\cybermon\cybermon\x64\release\cybermon.tlog\inf2cat-expand.27460.read.1.tlog
c:\users\0xpandemic\source\repos\cybermon\cybermon\x64\release\cybermon.tlog\inf2cat-expand.27460.write.1.tlog
c:\users\0xpandemic\source\repos\cybermon\cybermon\x64\release\cybermon.tlog\inf2cat-expand.2752.read.1.tlog
c:\users\0xpandemic\source\repos\cybermon\cybermon\x64\release\cybermon.tlog\inf2cat-expand.2752.write.1.tlog
c:\users\0xpandemic\source\repos\cybermon\cybermon\x64\release\cybermon.tlog\inf2cat-expand.27596.read.1.tlog
c:\users\0xpandemic\source\repos\cybermon\cybermon\x64\release\cybermon.tlog\inf2cat-expand.27596.write.1.tlog
c:\users\0xpandemic\source\repos\cybermon\cybermon\x64\release\cybermon.tlog\inf2cat-expand.27820.read.1.tlog
c:\users\0xpandemic\source\repos\cybermon\cybermon\x64\release\cybermon.tlog\inf2cat-expand.27820.write.1.tlog
c:\users\0xpandemic\source\repos\cybermon\cybermon\x64\release\cybermon.tlog\inf2cat-expand.27860.read.1.tlog
c:\users\0xpandemic\source\repos\cybermon\cybermon\x64\release\cybermon.tlog\inf2cat-expand.27860.write.1.tlog
c:\users\0xpandemic\source\repos\cybermon\cybermon\x64\release\cybermon.tlog\inf2cat-expand.27912.read.1.tlog
c:\users\0xpandemic\source\repos\cybermon\cybermon\x64\release\cybermon.tlog\inf2cat-expand.27912.write.1.tlog
c:\users\0xpandemic\source\repos\cybermon\cybermon\x64\release\cybermon.tlog\inf2cat-expand.27960.read.1.tlog
c:\users\0xpandemic\source\repos\cybermon\cybermon\x64\release\cybermon.tlog\inf2cat-expand.27960.write.1.tlog
c:\users\0xpandemic\source\repos\cybermon\cybermon\x64\release\cybermon.tlog\inf2cat-expand.27980.read.1.tlog
c:\users\0xpandemic\source\repos\cybermon\cybermon\x64\release\cybermon.tlog\inf2cat-expand.27980.write.1.tlog
c:\users\0xpandemic\source\repos\cybermon\cybermon\x64\release\cybermon.tlog\inf2cat-expand.28220.read.1.tlog
c:\users\0xpandemic\source\repos\cybermon\cybermon\x64\release\cybermon.tlog\inf2cat-expand.28220.write.1.tlog
c:\users\0xpandemic\source\repos\cybermon\cybermon\x64\release\cybermon.tlog\inf2cat-expand.28284.read.1.tlog
c:\users\0xpandemic\source\repos\cybermon\cybermon\x64\release\cybermon.tlog\inf2cat-expand.28284.write.1.tlog
c:\users\0xpandemic\source\repos\cybermon\cybermon\x64\release\cybermon.tlog\inf2cat-expand.2840.read.1.tlog
c:\users\0xpandemic\source\repos\cybermon\cybermon\x64\release\cybermon.tlog\inf2cat-expand.2840.write.1.tlog
c:\users\0xpandemic\source\repos\cybermon\cybermon\x64\release\cybermon.tlog\inf2cat-expand.28408.read.1.tlog
c:\users\0xpandemic\source\repos\cybermon\cybermon\x64\release\cybermon.tlog\inf2cat-expand.28408.write.1.tlog
c:\users\0xpandemic\source\repos\cybermon\cybermon\x64\release\cybermon.tlog\inf2cat-expand.28484.read.1.tlog
c:\users\0xpandemic\source\repos\cybermon\cybermon\x64\release\cybermon.tlog\inf2cat-expand.28484.write.1.tlog
c:\users\0xpandemic\source\repos\cybermon\cybermon\x64\release\cybermon.tlog\inf2cat-expand.28744.read.1.tlog
c:\users\0xpandemic\source\repos\cybermon\cybermon\x64\release\cybermon.tlog\inf2cat-expand.28744.write.1.tlog
c:\users\0xpandemic\source\repos\cybermon\cybermon\x64\release\cybermon.tlog\inf2cat-expand.28784.read.1.tlog
c:\users\0xpandemic\source\repos\cybermon\cybermon\x64\release\cybermon.tlog\inf2cat-expand.28784.write.1.tlog
c:\users\0xpandemic\source\repos\cybermon\cybermon\x64\release\cybermon.tlog\inf2cat-expand.28832.read.1.tlog
c:\users\0xpandemic\source\repos\cybermon\cybermon\x64\release\cybermon.tlog\inf2cat-expand.28832.write.1.tlog
c:\users\0xpandemic\source\repos\cybermon\cybermon\x64\release\cybermon.tlog\inf2cat-expand.28928.read.1.tlog
c:\users\0xpandemic\source\repos\cybermon\cybermon\x64\release\cybermon.tlog\inf2cat-expand.28928.write.1.tlog
c:\users\0xpandemic\source\repos\cybermon\cybermon\x64\release\cybermon.tlog\inf2cat-expand.29012.read.1.tlog
c:\users\0xpandemic\source\repos\cybermon\cybermon\x64\release\cybermon.tlog\inf2cat-expand.29012.write.1.tlog
c:\users\0xpandemic\source\repos\cybermon\cybermon\x64\release\cybermon.tlog\inf2cat-expand.29064.read.1.tlog
c:\users\0xpandemic\source\repos\cybermon\cybermon\x64\release\cybermon.tlog\inf2cat-expand.29064.write.1.tlog
c:\users\0xpandemic\source\repos\cybermon\cybermon\x64\release\cybermon.tlog\inf2cat-expand.29092.read.1.tlog
c:\users\0xpandemic\source\repos\cybermon\cybermon\x64\release\cybermon.tlog\inf2cat-expand.29092.write.1.tlog
c:\users\0xpandemic\source\repos\cybermon\cybermon\x64\release\cybermon.tlog\inf2cat-expand.29216.read.1.tlog
c:\users\0xpandemic\source\repos\cybermon\cybermon\x64\release\cybermon.tlog\inf2cat-expand.29216.write.1.tlog
c:\users\0xpandemic\source\repos\cybermon\cybermon\x64\release\cybermon.tlog\inf2cat-expand.29240.read.1.tlog
c:\users\0xpandemic\source\repos\cybermon\cybermon\x64\release\cybermon.tlog\inf2cat-expand.29240.write.1.tlog
c:\users\0xpandemic\source\repos\cybermon\cybermon\x64\release\cybermon.tlog\inf2cat-expand.29360.read.1.tlog
c:\users\0xpandemic\source\repos\cybermon\cybermon\x64\release\cybermon.tlog\inf2cat-expand.29360.write.1.tlog
c:\users\0xpandemic\source\repos\cybermon\cybermon\x64\release\cybermon.tlog\inf2cat-expand.29440.read.1.tlog
c:\users\0xpandemic\source\repos\cybermon\cybermon\x64\release\cybermon.tlog\inf2cat-expand.29440.write.1.tlog
c:\users\0xpandemic\source\repos\cybermon\cybermon\x64\release\cybermon.tlog\inf2cat-expand.29564.read.1.tlog
c:\users\0xpandemic\source\repos\cybermon\cybermon\x64\release\cybermon.tlog\inf2cat-expand.29564.write.1.tlog
c:\users\0xpandemic\source\repos\cybermon\cybermon\x64\release\cybermon.tlog\inf2cat-expand.29568.read.1.tlog
c:\users\0xpandemic\source\repos\cybermon\cybermon\x64\release\cybermon.tlog\inf2cat-expand.29568.write.1.tlog
c:\users\0xpandemic\source\repos\cybermon\cybermon\x64\release\cybermon.tlog\inf2cat-expand.29688.read.1.tlog
c:\users\0xpandemic\source\repos\cybermon\cybermon\x64\release\cybermon.tlog\inf2cat-expand.29688.write.1.tlog
c:\users\0xpandemic\source\repos\cybermon\cybermon\x64\release\cybermon.tlog\inf2cat-expand.29788.read.1.tlog
c:\users\0xpandemic\source\repos\cybermon\cybermon\x64\release\cybermon.tlog\inf2cat-expand.29788.write.1.tlog
c:\users\0xpandemic\source\repos\cybermon\cybermon\x64\release\cybermon.tlog\inf2cat-expand.3016.read.1.tlog
c:\users\0xpandemic\source\repos\cybermon\cybermon\x64\release\cybermon.tlog\inf2cat-expand.3016.write.1.tlog
c:\users\0xpandemic\source\repos\cybermon\cybermon\x64\release\cybermon.tlog\inf2cat-expand.3084.read.1.tlog
c:\users\0xpandemic\source\repos\cybermon\cybermon\x64\release\cybermon.tlog\inf2cat-expand.3084.write.1.tlog
c:\users\0xpandemic\source\repos\cybermon\cybermon\x64\release\cybermon.tlog\inf2cat-expand.3164.read.1.tlog
c:\users\0xpandemic\source\repos\cybermon\cybermon\x64\release\cybermon.tlog\inf2cat-expand.3164.write.1.tlog
c:\users\0xpandemic\source\repos\cybermon\cybermon\x64\release\cybermon.tlog\inf2cat-expand.3504.read.1.tlog
c:\users\0xpandemic\source\repos\cybermon\cybermon\x64\release\cybermon.tlog\inf2cat-expand.3504.write.1.tlog
c:\users\0xpandemic\source\repos\cybermon\cybermon\x64\release\cybermon.tlog\inf2cat-expand.3588.read.1.tlog
c:\users\0xpandemic\source\repos\cybermon\cybermon\x64\release\cybermon.tlog\inf2cat-expand.3588.write.1.tlog
c:\users\0xpandemic\source\repos\cybermon\cybermon\x64\release\cybermon.tlog\inf2cat-expand.3592.read.1.tlog
c:\users\0xpandemic\source\repos\cybermon\cybermon\x64\release\cybermon.tlog\inf2cat-expand.3592.write.1.tlog
c:\users\0xpandemic\source\repos\cybermon\cybermon\x64\release\cybermon.tlog\inf2cat-expand.3628.read.1.tlog
c:\users\0xpandemic\source\repos\cybermon\cybermon\x64\release\cybermon.tlog\inf2cat-expand.3628.write.1.tlog
c:\users\0xpandemic\source\repos\cybermon\cybermon\x64\release\cybermon.tlog\inf2cat-expand.3760.read.1.tlog
c:\users\0xpandemic\source\repos\cybermon\cybermon\x64\release\cybermon.tlog\inf2cat-expand.3760.write.1.tlog
c:\users\0xpandemic\source\repos\cybermon\cybermon\x64\release\cybermon.tlog\inf2cat-expand.3768.read.1.tlog
c:\users\0xpandemic\source\repos\cybermon\cybermon\x64\release\cybermon.tlog\inf2cat-expand.3768.write.1.tlog
c:\users\0xpandemic\source\repos\cybermon\cybermon\x64\release\cybermon.tlog\inf2cat-expand.3872.read.1.tlog
c:\users\0xpandemic\source\repos\cybermon\cybermon\x64\release\cybermon.tlog\inf2cat-expand.3872.write.1.tlog
c:\users\0xpandemic\source\repos\cybermon\cybermon\x64\release\cybermon.tlog\inf2cat-expand.4052.read.1.tlog
c:\users\0xpandemic\source\repos\cybermon\cybermon\x64\release\cybermon.tlog\inf2cat-expand.4052.write.1.tlog
c:\users\0xpandemic\source\repos\cybermon\cybermon\x64\release\cybermon.tlog\inf2cat-expand.4116.read.1.tlog
c:\users\0xpandemic\source\repos\cybermon\cybermon\x64\release\cybermon.tlog\inf2cat-expand.4116.write.1.tlog
c:\users\0xpandemic\source\repos\cybermon\cybermon\x64\release\cybermon.tlog\inf2cat-expand.4120.read.1.tlog
c:\users\0xpandemic\source\repos\cybermon\cybermon\x64\release\cybermon.tlog\inf2cat-expand.4120.write.1.tlog
c:\users\0xpandemic\source\repos\cybermon\cybermon\x64\release\cybermon.tlog\inf2cat-expand.4288.read.1.tlog
c:\users\0xpandemic\source\repos\cybermon\cybermon\x64\release\cybermon.tlog\inf2cat-expand.4288.write.1.tlog
c:\users\0xpandemic\source\repos\cybermon\cybermon\x64\release\cybermon.tlog\inf2cat-expand.4372.read.1.tlog
c:\users\0xpandemic\source\repos\cybermon\cybermon\x64\release\cybermon.tlog\inf2cat-expand.4372.write.1.tlog
c:\users\0xpandemic\source\repos\cybermon\cybermon\x64\release\cybermon.tlog\inf2cat-expand.4452.read.1.tlog
c:\users\0xpandemic\source\repos\cybermon\cybermon\x64\release\cybermon.tlog\inf2cat-expand.4452.write.1.tlog
c:\users\0xpandemic\source\repos\cybermon\cybermon\x64\release\cybermon.tlog\inf2cat-expand.4524.read.1.tlog
c:\users\0xpandemic\source\repos\cybermon\cybermon\x64\release\cybermon.tlog\inf2cat-expand.4524.write.1.tlog
c:\users\0xpandemic\source\repos\cybermon\cybermon\x64\release\cybermon.tlog\inf2cat-expand.460.read.1.tlog
c:\users\0xpandemic\source\repos\cybermon\cybermon\x64\release\cybermon.tlog\inf2cat-expand.460.write.1.tlog
c:\users\0xpandemic\source\repos\cybermon\cybermon\x64\release\cybermon.tlog\inf2cat-expand.4760.read.1.tlog
c:\users\0xpandemic\source\repos\cybermon\cybermon\x64\release\cybermon.tlog\inf2cat-expand.4760.write.1.tlog
c:\users\0xpandemic\source\repos\cybermon\cybermon\x64\release\cybermon.tlog\inf2cat-expand.4784.read.1.tlog
c:\users\0xpandemic\source\repos\cybermon\cybermon\x64\release\cybermon.tlog\inf2cat-expand.4784.write.1.tlog
c:\users\0xpandemic\source\repos\cybermon\cybermon\x64\release\cybermon.tlog\inf2cat-expand.4796.read.1.tlog
c:\users\0xpandemic\source\repos\cybermon\cybermon\x64\release\cybermon.tlog\inf2cat-expand.4796.write.1.tlog
c:\users\0xpandemic\source\repos\cybermon\cybermon\x64\release\cybermon.tlog\inf2cat-expand.4844.read.1.tlog
c:\users\0xpandemic\source\repos\cybermon\cybermon\x64\release\cybermon.tlog\inf2cat-expand.4844.write.1.tlog
c:\users\0xpandemic\source\repos\cybermon\cybermon\x64\release\cybermon.tlog\inf2cat-expand.5088.read.1.tlog
c:\users\0xpandemic\source\repos\cybermon\cybermon\x64\release\cybermon.tlog\inf2cat-expand.5088.write.1.tlog
c:\users\0xpandemic\source\repos\cybermon\cybermon\x64\release\cybermon.tlog\inf2cat-expand.5380.read.1.tlog
c:\users\0xpandemic\source\repos\cybermon\cybermon\x64\release\cybermon.tlog\inf2cat-expand.5380.write.1.tlog
c:\users\0xpandemic\source\repos\cybermon\cybermon\x64\release\cybermon.tlog\inf2cat-expand.5540.read.1.tlog
c:\users\0xpandemic\source\repos\cybermon\cybermon\x64\release\cybermon.tlog\inf2cat-expand.5540.write.1.tlog
c:\users\0xpandemic\source\repos\cybermon\cybermon\x64\release\cybermon.tlog\inf2cat-expand.5548.read.1.tlog
c:\users\0xpandemic\source\repos\cybermon\cybermon\x64\release\cybermon.tlog\inf2cat-expand.5548.write.1.tlog
c:\users\0xpandemic\source\repos\cybermon\cybermon\x64\release\cybermon.tlog\inf2cat-expand.5668.read.1.tlog
c:\users\0xpandemic\source\repos\cybermon\cybermon\x64\release\cybermon.tlog\inf2cat-expand.5668.write.1.tlog
c:\users\0xpandemic\source\repos\cybermon\cybermon\x64\release\cybermon.tlog\inf2cat-expand.5792.read.1.tlog
c:\users\0xpandemic\source\repos\cybermon\cybermon\x64\release\cybermon.tlog\inf2cat-expand.5792.write.1.tlog
c:\users\0xpandemic\source\repos\cybermon\cybermon\x64\release\cybermon.tlog\inf2cat-expand.5876.read.1.tlog
c:\users\0xpandemic\source\repos\cybermon\cybermon\x64\release\cybermon.tlog\inf2cat-expand.5876.write.1.tlog
c:\users\0xpandemic\source\repos\cybermon\cybermon\x64\release\cybermon.tlog\inf2cat-expand.5968.read.1.tlog
c:\users\0xpandemic\source\repos\cybermon\cybermon\x64\release\cybermon.tlog\inf2cat-expand.5968.write.1.tlog
c:\users\0xpandemic\source\repos\cybermon\cybermon\x64\release\cybermon.tlog\inf2cat-expand.5976.read.1.tlog
c:\users\0xpandemic\source\repos\cybermon\cybermon\x64\release\cybermon.tlog\inf2cat-expand.5976.write.1.tlog
c:\users\0xpandemic\source\repos\cybermon\cybermon\x64\release\cybermon.tlog\inf2cat-expand.6008.read.1.tlog
c:\users\0xpandemic\source\repos\cybermon\cybermon\x64\release\cybermon.tlog\inf2cat-expand.6008.write.1.tlog
c:\users\0xpandemic\source\repos\cybermon\cybermon\x64\release\cybermon.tlog\inf2cat-expand.6224.read.1.tlog
c:\users\0xpandemic\source\repos\cybermon\cybermon\x64\release\cybermon.tlog\inf2cat-expand.6224.write.1.tlog
c:\users\0xpandemic\source\repos\cybermon\cybermon\x64\release\cybermon.tlog\inf2cat-expand.6584.read.1.tlog
c:\users\0xpandemic\source\repos\cybermon\cybermon\x64\release\cybermon.tlog\inf2cat-expand.6584.write.1.tlog
c:\users\0xpandemic\source\repos\cybermon\cybermon\x64\release\cybermon.tlog\inf2cat-expand.6716.read.1.tlog
c:\users\0xpandemic\source\repos\cybermon\cybermon\x64\release\cybermon.tlog\inf2cat-expand.6716.write.1.tlog
c:\users\0xpandemic\source\repos\cybermon\cybermon\x64\release\cybermon.tlog\inf2cat-expand.6728.read.1.tlog
c:\users\0xpandemic\source\repos\cybermon\cybermon\x64\release\cybermon.tlog\inf2cat-expand.6728.write.1.tlog
c:\users\0xpandemic\source\repos\cybermon\cybermon\x64\release\cybermon.tlog\inf2cat-expand.6792.read.1.tlog
c:\users\0xpandemic\source\repos\cybermon\cybermon\x64\release\cybermon.tlog\inf2cat-expand.6792.write.1.tlog
c:\users\0xpandemic\source\repos\cybermon\cybermon\x64\release\cybermon.tlog\inf2cat-expand.6928.read.1.tlog
c:\users\0xpandemic\source\repos\cybermon\cybermon\x64\release\cybermon.tlog\inf2cat-expand.6928.write.1.tlog
c:\users\0xpandemic\source\repos\cybermon\cybermon\x64\release\cybermon.tlog\inf2cat-expand.7104.read.1.tlog
c:\users\0xpandemic\source\repos\cybermon\cybermon\x64\release\cybermon.tlog\inf2cat-expand.7104.write.1.tlog
c:\users\0xpandemic\source\repos\cybermon\cybermon\x64\release\cybermon.tlog\inf2cat-expand.7184.read.1.tlog
c:\users\0xpandemic\source\repos\cybermon\cybermon\x64\release\cybermon.tlog\inf2cat-expand.7184.write.1.tlog
c:\users\0xpandemic\source\repos\cybermon\cybermon\x64\release\cybermon.tlog\inf2cat-expand.7188.read.1.tlog
c:\users\0xpandemic\source\repos\cybermon\cybermon\x64\release\cybermon.tlog\inf2cat-expand.7188.write.1.tlog
c:\users\0xpandemic\source\repos\cybermon\cybermon\x64\release\cybermon.tlog\inf2cat-expand.7200.read.1.tlog
c:\users\0xpandemic\source\repos\cybermon\cybermon\x64\release\cybermon.tlog\inf2cat-expand.7200.write.1.tlog
c:\users\0xpandemic\source\repos\cybermon\cybermon\x64\release\cybermon.tlog\inf2cat-expand.7512.read.1.tlog
c:\users\0xpandemic\source\repos\cybermon\cybermon\x64\release\cybermon.tlog\inf2cat-expand.7512.write.1.tlog
c:\users\0xpandemic\source\repos\cybermon\cybermon\x64\release\cybermon.tlog\inf2cat-expand.7848.read.1.tlog
c:\users\0xpandemic\source\repos\cybermon\cybermon\x64\release\cybermon.tlog\inf2cat-expand.7848.write.1.tlog
c:\users\0xpandemic\source\repos\cybermon\cybermon\x64\release\cybermon.tlog\inf2cat-expand.8112.read.1.tlog
c:\users\0xpandemic\source\repos\cybermon\cybermon\x64\release\cybermon.tlog\inf2cat-expand.8112.write.1.tlog
c:\users\0xpandemic\source\repos\cybermon\cybermon\x64\release\cybermon.tlog\inf2cat-expand.8168.read.1.tlog
c:\users\0xpandemic\source\repos\cybermon\cybermon\x64\release\cybermon.tlog\inf2cat-expand.8168.write.1.tlog
c:\users\0xpandemic\source\repos\cybermon\cybermon\x64\release\cybermon.tlog\inf2cat-expand.8240.read.1.tlog
c:\users\0xpandemic\source\repos\cybermon\cybermon\x64\release\cybermon.tlog\inf2cat-expand.8240.write.1.tlog
c:\users\0xpandemic\source\repos\cybermon\cybermon\x64\release\cybermon.tlog\inf2cat-expand.8292.read.1.tlog
c:\users\0xpandemic\source\repos\cybermon\cybermon\x64\release\cybermon.tlog\inf2cat-expand.8292.write.1.tlog
c:\users\0xpandemic\source\repos\cybermon\cybermon\x64\release\cybermon.tlog\inf2cat-expand.8652.read.1.tlog
c:\users\0xpandemic\source\repos\cybermon\cybermon\x64\release\cybermon.tlog\inf2cat-expand.8652.write.1.tlog
c:\users\0xpandemic\source\repos\cybermon\cybermon\x64\release\cybermon.tlog\inf2cat-expand.9264.read.1.tlog
c:\users\0xpandemic\source\repos\cybermon\cybermon\x64\release\cybermon.tlog\inf2cat-expand.9264.write.1.tlog
c:\users\0xpandemic\source\repos\cybermon\cybermon\x64\release\cybermon.tlog\inf2cat-expand.9528.read.1.tlog
c:\users\0xpandemic\source\repos\cybermon\cybermon\x64\release\cybermon.tlog\inf2cat-expand.9528.write.1.tlog
c:\users\0xpandemic\source\repos\cybermon\cybermon\x64\release\cybermon.tlog\inf2cat-expand.9604.read.1.tlog
c:\users\0xpandemic\source\repos\cybermon\cybermon\x64\release\cybermon.tlog\inf2cat-expand.9604.write.1.tlog
c:\users\0xpandemic\source\repos\cybermon\cybermon\x64\release\cybermon.tlog\inf2cat-expand.9664.read.1.tlog
c:\users\0xpandemic\source\repos\cybermon\cybermon\x64\release\cybermon.tlog\inf2cat-expand.9664.write.1.tlog
c:\users\0xpandemic\source\repos\cybermon\cybermon\x64\release\cybermon.tlog\inf2cat-expand.9804.read.1.tlog
c:\users\0xpandemic\source\repos\cybermon\cybermon\x64\release\cybermon.tlog\inf2cat-expand.9804.write.1.tlog
c:\users\0xpandemic\source\repos\cybermon\cybermon\x64\release\cybermon.tlog\inf2cat-expand.9932.read.1.tlog
c:\users\0xpandemic\source\repos\cybermon\cybermon\x64\release\cybermon.tlog\inf2cat-expand.9932.write.1.tlog
c:\users\0xpandemic\source\repos\cybermon\cybermon\x64\release\cybermon.tlog\inf2cat-expand.read.1.tlog
c:\users\0xpandemic\source\repos\cybermon\cybermon\x64\release\cybermon.tlog\inf2cat-expand.write.1.tlog
c:\users\0xpandemic\source\repos\cybermon\cybermon\x64\release\cybermon.tlog\inf2cat.command.1.tlog
c:\users\0xpandemic\source\repos\cybermon\cybermon\x64\release\cybermon.tlog\inf2cat.read.1.tlog
c:\users\0xpandemic\source\repos\cybermon\cybermon\x64\release\cybermon.tlog\inf2cat.write.1.tlog
c:\users\0xpandemic\source\repos\cybermon\cybermon\x64\release\cybermon.tlog\link.command.1.tlog
c:\users\0xpandemic\source\repos\cybermon\cybermon\x64\release\cybermon.tlog\link.read.1.tlog
c:\users\0xpandemic\source\repos\cybermon\cybermon\x64\release\cybermon.tlog\link.write.1.tlog
c:\users\0xpandemic\source\repos\cybermon\cybermon\x64\release\cybermon.tlog\rc.command.1.tlog
c:\users\0xpandemic\source\repos\cybermon\cybermon\x64\release\cybermon.tlog\rc.read.1.tlog
c:\users\0xpandemic\source\repos\cybermon\cybermon\x64\release\cybermon.tlog\rc.write.1.tlog
c:\users\0xpandemic\source\repos\cybermon\cybermon\x64\release\cybermon.tlog\signtool.command.1.tlog
c:\users\0xpandemic\source\repos\cybermon\cybermon\x64\release\cybermon.tlog\signtool.read.1.tlog
c:\users\0xpandemic\source\repos\cybermon\cybermon\x64\release\cybermon.tlog\signtool.timestamp.1.tlog
c:\users\0xpandemic\source\repos\cybermon\cybermon\x64\release\cybermon.tlog\signtool.write.1.tlog
c:\users\0xpandemic\source\repos\cybermon\cybermon\x64\release\cybermon.tlog\stampinf.command.1.tlog
c:\users\0xpandemic\source\repos\cybermon\cybermon\x64\release\cybermon.tlog\stampinf.read.1.tlog
c:\users\0xpandemic\source\repos\cybermon\cybermon\x64\release\cybermon.tlog\stampinf.write.1.tlog
